2019-10-04 22:54:49 4364 [Note] Plugin 'FEDERATED' is disabled.
2019-10-04 22:54:54 4364 [Note] InnoDB: Using atomics to ref count buffer pool pages
2019-10-04 22:54:54 4364 [Note] InnoDB: The InnoDB memory heap is disabled
2019-10-04 22:54:54 4364 [Note] InnoDB: Mutexes and rw_locks use Windows interlocked functions
2019-10-04 22:54:54 4364 [Note] InnoDB: Memory barrier is not used
2019-10-04 22:54:54 4364 [Note] InnoDB: Compressed tables use zlib 1.2.3
2019-10-04 22:54:54 4364 [Note] InnoDB: Not using CPU crc32 instructions
2019-10-04 22:54:54 4364 [Note] InnoDB: Initializing buffer pool, size = 128.0M
2019-10-04 22:54:54 4364 [Note] InnoDB: Completed initialization of buffer pool
2019-10-04 22:54:56 4364 [Note] InnoDB: Highest supported file format is Barracuda.
2019-10-04 22:55:02 4364 [Note] InnoDB: 128 rollback segment(s) are active.
2019-10-04 22:55:05 4364 [Note] InnoDB: Waiting for purge to start
2019-10-04 22:55:06 4364 [Note] InnoDB: 5.6.34 started; log sequence number 1626656
2019-10-04 22:55:06 4364 [Note] Server hostname (bind-address): '*'; port: 3306
2019-10-04 22:55:07 4364 [Note] IPv6 is available.
2019-10-04 22:55:07 4364 [Note]   - '::' resolves to '::';
2019-10-04 22:55:07 4364 [Note] Server socket created on IP: '::'.
2019-10-04 22:55:47 4364 [Note] Event Scheduler: Loaded 0 events
2019-10-04 22:55:47 4364 [Note] D:\Documentos\Cenarios\GitHub\usbwebserver/mysql/bin/mysqld_usbwv8.exe: ready for connections.
Version: '5.6.34'  socket: ''  port: 3306  MySQL Community Server (GPL)
2019-10-06 15:19:59 2188 [Note] Plugin 'FEDERATED' is disabled.
2019-10-06 15:19:59 2188 [Note] InnoDB: Using atomics to ref count buffer pool pages
2019-10-06 15:19:59 2188 [Note] InnoDB: The InnoDB memory heap is disabled
2019-10-06 15:19:59 2188 [Note] InnoDB: Mutexes and rw_locks use Windows interlocked functions
2019-10-06 15:19:59 2188 [Note] InnoDB: Memory barrier is not used
2019-10-06 15:19:59 2188 [Note] InnoDB: Compressed tables use zlib 1.2.3
2019-10-06 15:19:59 2188 [Note] InnoDB: Not using CPU crc32 instructions
2019-10-06 15:19:59 2188 [Note] InnoDB: Initializing buffer pool, size = 128.0M
2019-10-06 15:19:59 2188 [Note] InnoDB: Completed initialization of buffer pool
2019-10-06 15:19:59 2188 [Note] InnoDB: Highest supported file format is Barracuda.
2019-10-06 15:19:59 2188 [Note] InnoDB: The log sequence numbers 1626656 and 1626656 in ibdata files do not match the log sequence number 2077784 in the ib_logfiles!
2019-10-06 15:19:59 2188 [Note] InnoDB: Database was not shutdown normally!
2019-10-06 15:19:59 2188 [Note] InnoDB: Starting crash recovery.
2019-10-06 15:19:59 2188 [Note] InnoDB: Reading tablespace information from the .ibd files...
2019-10-06 15:20:01 2188 [Note] InnoDB: Restoring possible half-written data pages 
2019-10-06 15:20:01 2188 [Note] InnoDB: from the doublewrite buffer...
2019-10-06 15:20:04 2188 [Note] InnoDB: 128 rollback segment(s) are active.
2019-10-06 15:20:04 2188 [Note] InnoDB: Waiting for purge to start
2019-10-06 15:20:04 2188 [Note] InnoDB: 5.6.34 started; log sequence number 2077784
2019-10-06 15:20:04 2188 [Note] Server hostname (bind-address): '*'; port: 3306
2019-10-06 15:20:04 2188 [Note] IPv6 is available.
2019-10-06 15:20:04 2188 [Note]   - '::' resolves to '::';
2019-10-06 15:20:04 2188 [Note] Server socket created on IP: '::'.
2019-10-06 15:20:12 2188 [Note] Event Scheduler: Loaded 0 events
2019-10-06 15:20:12 2188 [Note] D:\Documentos\Cenarios\GitHub\Tentacion\usbwebserver/mysql/bin/mysqld_usbwv8.exe: ready for connections.
Version: '5.6.34'  socket: ''  port: 3306  MySQL Community Server (GPL)
2019-10-21 21:35:31 4040 [Note] Plugin 'FEDERATED' is disabled.
2019-10-21 21:35:31 4040 [Note] InnoDB: Using atomics to ref count buffer pool pages
2019-10-21 21:35:31 4040 [Note] InnoDB: The InnoDB memory heap is disabled
2019-10-21 21:35:31 4040 [Note] InnoDB: Mutexes and rw_locks use Windows interlocked functions
2019-10-21 21:35:31 4040 [Note] InnoDB: Memory barrier is not used
2019-10-21 21:35:31 4040 [Note] InnoDB: Compressed tables use zlib 1.2.3
2019-10-21 21:35:31 4040 [Note] InnoDB: Not using CPU crc32 instructions
2019-10-21 21:35:31 4040 [Note] InnoDB: Initializing buffer pool, size = 128.0M
2019-10-21 21:35:31 4040 [Note] InnoDB: Completed initialization of buffer pool
2019-10-21 21:35:31 4040 [Note] InnoDB: Highest supported file format is Barracuda.
2019-10-21 21:35:32 4040 [Note] InnoDB: The log sequence numbers 1626656 and 1626656 in ibdata files do not match the log sequence number 2743983 in the ib_logfiles!
2019-10-21 21:35:32 4040 [Note] InnoDB: Database was not shutdown normally!
2019-10-21 21:35:32 4040 [Note] InnoDB: Starting crash recovery.
2019-10-21 21:35:32 4040 [Note] InnoDB: Reading tablespace information from the .ibd files...
2019-10-21 21:35:32 4040 [Note] InnoDB: Restoring possible half-written data pages 
2019-10-21 21:35:32 4040 [Note] InnoDB: from the doublewrite buffer...
2019-10-21 21:35:35 4040 [Note] InnoDB: 128 rollback segment(s) are active.
2019-10-21 21:35:35 4040 [Note] InnoDB: Waiting for purge to start
2019-10-21 21:35:35 4040 [Note] InnoDB: 5.6.34 started; log sequence number 2743983
2019-10-21 21:35:35 4040 [Note] Server hostname (bind-address): '*'; port: 3306
2019-10-21 21:35:35 4040 [Note] IPv6 is available.
2019-10-21 21:35:35 4040 [Note]   - '::' resolves to '::';
2019-10-21 21:35:35 4040 [Note] Server socket created on IP: '::'.
2019-10-21 21:35:49 4040 [Note] Event Scheduler: Loaded 0 events
2019-10-21 21:35:49 4040 [Note] D:\Documentos\Cenarios\GitHub\Tentacion\usbwebserver/mysql/bin/mysqld_usbwv8.exe: ready for connections.
Version: '5.6.34'  socket: ''  port: 3306  MySQL Community Server (GPL)
2019-10-31 02:37:36 3060 [Note] Plugin 'FEDERATED' is disabled.
2019-10-31 02:37:37 3060 [Note] InnoDB: Using atomics to ref count buffer pool pages
2019-10-31 02:37:37 3060 [Note] InnoDB: The InnoDB memory heap is disabled
2019-10-31 02:37:37 3060 [Note] InnoDB: Mutexes and rw_locks use Windows interlocked functions
2019-10-31 02:37:37 3060 [Note] InnoDB: Memory barrier is not used
2019-10-31 02:37:37 3060 [Note] InnoDB: Compressed tables use zlib 1.2.3
2019-10-31 02:37:37 3060 [Note] InnoDB: Not using CPU crc32 instructions
2019-10-31 02:37:38 3060 [Note] InnoDB: Initializing buffer pool, size = 128.0M
2019-10-31 02:37:38 3060 [Note] InnoDB: Completed initialization of buffer pool
2019-10-31 02:37:38 3060 [Note] InnoDB: Highest supported file format is Barracuda.
2019-10-31 02:37:38 3060 [Note] InnoDB: The log sequence numbers 1626656 and 1626656 in ibdata files do not match the log sequence number 2778506 in the ib_logfiles!
2019-10-31 02:37:38 3060 [Note] InnoDB: Database was not shutdown normally!
2019-10-31 02:37:38 3060 [Note] InnoDB: Starting crash recovery.
2019-10-31 02:37:38 3060 [Note] InnoDB: Reading tablespace information from the .ibd files...
2019-10-31 02:37:39 3060 [Note] InnoDB: Restoring possible half-written data pages 
2019-10-31 02:37:39 3060 [Note] InnoDB: from the doublewrite buffer...
2019-10-31 02:37:44 3060 [Note] InnoDB: 128 rollback segment(s) are active.
2019-10-31 02:37:44 3060 [Note] InnoDB: Waiting for purge to start
2019-10-31 02:37:44 3060 [Note] InnoDB: 5.6.34 started; log sequence number 2778506
2019-10-31 02:37:45 3060 [Note] Server hostname (bind-address): '*'; port: 3306
2019-10-31 02:37:45 3060 [Note] IPv6 is available.
2019-10-31 02:37:45 3060 [Note]   - '::' resolves to '::';
2019-10-31 02:37:45 3060 [Note] Server socket created on IP: '::'.
2019-10-31 02:37:50 3060 [Note] Event Scheduler: Loaded 0 events
2019-10-31 02:37:50 3060 [Note] D:\Documentos\Cenarios\GitHub\Tentacion\usbwebserver/mysql/bin/mysqld_usbwv8.exe: ready for connections.
Version: '5.6.34'  socket: ''  port: 3306  MySQL Community Server (GPL)
2019-11-01 19:33:33 308 [Note] Plugin 'FEDERATED' is disabled.
2019-11-01 19:33:35 308 [Note] InnoDB: Using atomics to ref count buffer pool pages
2019-11-01 19:33:35 308 [Note] InnoDB: The InnoDB memory heap is disabled
2019-11-01 19:33:35 308 [Note] InnoDB: Mutexes and rw_locks use Windows interlocked functions
2019-11-01 19:33:35 308 [Note] InnoDB: Memory barrier is not used
2019-11-01 19:33:35 308 [Note] InnoDB: Compressed tables use zlib 1.2.3
2019-11-01 19:33:37 308 [Note] InnoDB: Not using CPU crc32 instructions
2019-11-01 19:33:37 308 [Note] InnoDB: Initializing buffer pool, size = 128.0M
2019-11-01 19:33:39 308 [Note] InnoDB: Completed initialization of buffer pool
2019-11-01 19:33:40 308 [Note] InnoDB: Highest supported file format is Barracuda.
2019-11-01 19:33:40 308 [Note] InnoDB: The log sequence numbers 1626656 and 1626656 in ibdata files do not match the log sequence number 2927059 in the ib_logfiles!
2019-11-01 19:33:40 308 [Note] InnoDB: Database was not shutdown normally!
2019-11-01 19:33:40 308 [Note] InnoDB: Starting crash recovery.
2019-11-01 19:33:40 308 [Note] InnoDB: Reading tablespace information from the .ibd files...
2019-11-01 19:33:41 308 [Note] InnoDB: Restoring possible half-written data pages 
2019-11-01 19:33:41 308 [Note] InnoDB: from the doublewrite buffer...
2019-11-01 19:33:49 308 [Note] InnoDB: 128 rollback segment(s) are active.
2019-11-01 19:33:49 308 [Note] InnoDB: Waiting for purge to start
2019-11-01 19:33:50 308 [Note] InnoDB: 5.6.34 started; log sequence number 2927059
2019-11-01 19:33:50 308 [Note] Server hostname (bind-address): '*'; port: 3306
2019-11-01 19:33:50 308 [Note] IPv6 is available.
2019-11-01 19:33:50 308 [Note]   - '::' resolves to '::';
2019-11-01 19:33:50 308 [Note] Server socket created on IP: '::'.
2019-11-01 19:33:57 308 [Note] Event Scheduler: Loaded 0 events
2019-11-01 19:33:57 308 [Note] D:\Documentos\Cenarios\GitHub\Tentacion\usbwebserver/mysql/bin/mysqld_usbwv8.exe: ready for connections.
Version: '5.6.34'  socket: ''  port: 3306  MySQL Community Server (GPL)
2019-11-01 21:15:08 5412 [Note] Plugin 'FEDERATED' is disabled.
2019-11-01 21:15:15 5412 [Note] InnoDB: Using atomics to ref count buffer pool pages
2019-11-01 21:15:15 5412 [Note] InnoDB: The InnoDB memory heap is disabled
2019-11-01 21:15:15 5412 [Note] InnoDB: Mutexes and rw_locks use Windows interlocked functions
2019-11-01 21:15:15 5412 [Note] InnoDB: Memory barrier is not used
2019-11-01 21:15:15 5412 [Note] InnoDB: Compressed tables use zlib 1.2.3
2019-11-01 21:15:16 5412 [Note] InnoDB: Not using CPU crc32 instructions
2019-11-01 21:15:17 5412 [Note] InnoDB: Initializing buffer pool, size = 128.0M
2019-11-01 21:15:17 5412 [Note] InnoDB: Completed initialization of buffer pool
2019-11-01 21:15:18 5412 [Note] InnoDB: Highest supported file format is Barracuda.
2019-11-01 21:15:18 5412 [Note] InnoDB: The log sequence numbers 1626656 and 1626656 in ibdata files do not match the log sequence number 3064819 in the ib_logfiles!
2019-11-01 21:15:18 5412 [Note] InnoDB: Database was not shutdown normally!
2019-11-01 21:15:18 5412 [Note] InnoDB: Starting crash recovery.
2019-11-01 21:15:18 5412 [Note] InnoDB: Reading tablespace information from the .ibd files...
2019-11-01 21:15:19 5412 [Note] InnoDB: Restoring possible half-written data pages 
2019-11-01 21:15:19 5412 [Note] InnoDB: from the doublewrite buffer...
2019-11-01 21:15:32 5412 [Note] InnoDB: 128 rollback segment(s) are active.
2019-11-01 21:15:32 5412 [Note] InnoDB: Waiting for purge to start
2019-11-01 21:15:32 5412 [Note] InnoDB: 5.6.34 started; log sequence number 3064819
2019-11-01 21:15:32 5412 [Note] Server hostname (bind-address): '*'; port: 3306
2019-11-01 21:15:32 5412 [Note] IPv6 is available.
2019-11-01 21:15:32 5412 [Note]   - '::' resolves to '::';
2019-11-01 21:15:32 5412 [Note] Server socket created on IP: '::'.
2019-11-01 21:15:46 5412 [Note] Event Scheduler: Loaded 0 events
2019-11-01 21:15:46 5412 [Note] D:\Documentos\Cenarios\GitHub\Tentacion\usbwebserver/mysql/bin/mysqld_usbwv8.exe: ready for connections.
Version: '5.6.34'  socket: ''  port: 3306  MySQL Community Server (GPL)
2019-11-02 13:25:32 3616 [Note] Plugin 'FEDERATED' is disabled.
2019-11-02 13:25:33 3616 [Note] InnoDB: Using atomics to ref count buffer pool pages
2019-11-02 13:25:33 3616 [Note] InnoDB: The InnoDB memory heap is disabled
2019-11-02 13:25:33 3616 [Note] InnoDB: Mutexes and rw_locks use Windows interlocked functions
2019-11-02 13:25:33 3616 [Note] InnoDB: Memory barrier is not used
2019-11-02 13:25:33 3616 [Note] InnoDB: Compressed tables use zlib 1.2.3
2019-11-02 13:25:33 3616 [Note] InnoDB: Not using CPU crc32 instructions
2019-11-02 13:25:33 3616 [Note] InnoDB: Initializing buffer pool, size = 128.0M
2019-11-02 13:25:33 3616 [Note] InnoDB: Completed initialization of buffer pool
2019-11-02 13:25:34 3616 [Note] InnoDB: Highest supported file format is Barracuda.
2019-11-02 13:25:34 3616 [Note] InnoDB: The log sequence numbers 1626656 and 1626656 in ibdata files do not match the log sequence number 3064845 in the ib_logfiles!
2019-11-02 13:25:34 3616 [Note] InnoDB: Database was not shutdown normally!
2019-11-02 13:25:34 3616 [Note] InnoDB: Starting crash recovery.
2019-11-02 13:25:34 3616 [Note] InnoDB: Reading tablespace information from the .ibd files...
2019-11-02 13:25:36 3616 [Note] InnoDB: Restoring possible half-written data pages 
2019-11-02 13:25:36 3616 [Note] InnoDB: from the doublewrite buffer...
2019-11-02 13:25:42 3616 [Note] InnoDB: 128 rollback segment(s) are active.
2019-11-02 13:25:42 3616 [Note] InnoDB: Waiting for purge to start
2019-11-02 13:25:42 3616 [Note] InnoDB: 5.6.34 started; log sequence number 3064845
2019-11-02 13:25:42 3616 [Note] Server hostname (bind-address): '*'; port: 3306
2019-11-02 13:25:42 3616 [Note] IPv6 is available.
2019-11-02 13:25:42 3616 [Note]   - '::' resolves to '::';
2019-11-02 13:25:42 3616 [Note] Server socket created on IP: '::'.
2019-11-02 13:25:52 3616 [Note] Event Scheduler: Loaded 0 events
2019-11-02 13:25:52 3616 [Note] D:\Documentos\Cenarios\GitHub\Tentacion\usbwebserver/mysql/bin/mysqld_usbwv8.exe: ready for connections.
Version: '5.6.34'  socket: ''  port: 3306  MySQL Community Server (GPL)
