2019-08-15 14:38:50 3188 [Note] Plugin 'FEDERATED' is disabled.
2019-08-15 14:38:50 3188 [Note] InnoDB: Using atomics to ref count buffer pool pages
2019-08-15 14:38:50 3188 [Note] InnoDB: The InnoDB memory heap is disabled
2019-08-15 14:38:50 3188 [Note] InnoDB: Mutexes and rw_locks use Windows interlocked functions
2019-08-15 14:38:50 3188 [Note] InnoDB: Memory barrier is not used
2019-08-15 14:38:50 3188 [Note] InnoDB: Compressed tables use zlib 1.2.3
2019-08-15 14:38:50 3188 [Note] InnoDB: Not using CPU crc32 instructions
2019-08-15 14:38:50 3188 [Note] InnoDB: Initializing buffer pool, size = 128.0M
2019-08-15 14:38:50 3188 [Note] InnoDB: Completed initialization of buffer pool
2019-08-15 14:38:50 3188 [Note] InnoDB: Setting log file C:\Users\gabriel.vrnascimento\Downloads\usbwebserver_v8.6.2\usbwebserver\mysql\data\ib_logfile101 size to 5 MB
2019-08-15 14:38:50 3188 [Note] InnoDB: Setting log file C:\Users\gabriel.vrnascimento\Downloads\usbwebserver_v8.6.2\usbwebserver\mysql\data\ib_logfile1 size to 5 MB
2019-08-15 14:38:50 3188 [Note] InnoDB: Renaming log file C:\Users\gabriel.vrnascimento\Downloads\usbwebserver_v8.6.2\usbwebserver\mysql\data\ib_logfile101 to C:\Users\gabriel.vrnascimento\Downloads\usbwebserver_v8.6.2\usbwebserver\mysql\data\ib_logfile0
2019-08-15 14:38:50 3188 [Warning] InnoDB: New log files created, LSN=1626134
2019-08-15 14:38:50 3188 [Note] InnoDB: Highest supported file format is Barracuda.
2019-08-15 14:38:50 1c8c InnoDB: Error: page 5 log sequence number 1626646
InnoDB: is in the future! Current system log sequence number 1626636.
InnoDB: Your database may be corrupt or you may have copied the InnoDB
InnoDB: tablespace but not the InnoDB log files. See
InnoDB: http://dev.mysql.com/doc/refman/5.6/en/forcing-innodb-recovery.html
InnoDB: for more information.
2019-08-15 14:38:50 3188 [Note] InnoDB: 128 rollback segment(s) are active.
2019-08-15 14:38:50 3188 [Note] InnoDB: Waiting for purge to start
2019-08-15 14:38:50 3188 [Note] InnoDB: 5.6.34 started; log sequence number 1626636
2019-08-15 14:38:50 3188 [Warning] No existing UUID has been found, so we assume that this is the first time that this server has been started. Generating a new UUID: 8b2dd978-bf83-11e9-83b0-d09466db01a9.
2019-08-15 14:38:50 3188 [Note] Server hostname (bind-address): '*'; port: 3306
2019-08-15 14:38:50 3188 [Note] IPv6 is available.
2019-08-15 14:38:50 3188 [Note]   - '::' resolves to '::';
2019-08-15 14:38:50 3188 [Note] Server socket created on IP: '::'.
2019-08-15 14:38:50 3188 [ERROR] Can't start server: Bind on TCP/IP port: No error
2019-08-15 14:38:50 3188 [ERROR] Do you already have another mysqld server running on port: 3306 ?
2019-08-15 14:38:50 3188 [ERROR] Aborting

2019-08-15 14:38:50 3188 [Note] Binlog end
2019-08-15 14:38:50 3188 [Note] Shutting down plugin 'partition'
2019-08-15 14:38:50 3188 [Note] Shutting down plugin 'PERFORMANCE_SCHEMA'
2019-08-15 14:38:50 3188 [Note] Shutting down plugin 'INNODB_SYS_DATAFILES'
2019-08-15 14:38:50 3188 [Note] Shutting down plugin 'INNODB_SYS_TABLESPACES'
2019-08-15 14:38:50 3188 [Note] Shutting down plugin 'INNODB_SYS_FOREIGN_COLS'
2019-08-15 14:38:50 3188 [Note] Shutting down plugin 'INNODB_SYS_FOREIGN'
2019-08-15 14:38:50 3188 [Note] Shutting down plugin 'INNODB_SYS_FIELDS'
2019-08-15 14:38:50 3188 [Note] Shutting down plugin 'INNODB_SYS_COLUMNS'
2019-08-15 14:38:50 3188 [Note] Shutting down plugin 'INNODB_SYS_INDEXES'
2019-08-15 14:38:50 3188 [Note] Shutting down plugin 'INNODB_SYS_TABLESTATS'
2019-08-15 14:38:50 3188 [Note] Shutting down plugin 'INNODB_SYS_TABLES'
2019-08-15 14:38:50 3188 [Note] Shutting down plugin 'INNODB_FT_INDEX_TABLE'
2019-08-15 14:38:50 3188 [Note] Shutting down plugin 'INNODB_FT_INDEX_CACHE'
2019-08-15 14:38:50 3188 [Note] Shutting down plugin 'INNODB_FT_CONFIG'
2019-08-15 14:38:50 3188 [Note] Shutting down plugin 'INNODB_FT_BEING_DELETED'
2019-08-15 14:38:50 3188 [Note] Shutting down plugin 'INNODB_FT_DELETED'
2019-08-15 14:38:50 3188 [Note] Shutting down plugin 'INNODB_FT_DEFAULT_STOPWORD'
2019-08-15 14:38:50 3188 [Note] Shutting down plugin 'INNODB_METRICS'
2019-08-15 14:38:50 3188 [Note] Shutting down plugin 'INNODB_BUFFER_POOL_STATS'
2019-08-15 14:38:50 3188 [Note] Shutting down plugin 'INNODB_BUFFER_PAGE_LRU'
2019-08-15 14:38:50 3188 [Note] Shutting down plugin 'INNODB_BUFFER_PAGE'
2019-08-15 14:38:50 3188 [Note] Shutting down plugin 'INNODB_CMP_PER_INDEX_RESET'
2019-08-15 14:38:50 3188 [Note] Shutting down plugin 'INNODB_CMP_PER_INDEX'
2019-08-15 14:38:50 3188 [Note] Shutting down plugin 'INNODB_CMPMEM_RESET'
2019-08-15 14:38:50 3188 [Note] Shutting down plugin 'INNODB_CMPMEM'
2019-08-15 14:38:50 3188 [Note] Shutting down plugin 'INNODB_CMP_RESET'
2019-08-15 14:38:50 3188 [Note] Shutting down plugin 'INNODB_CMP'
2019-08-15 14:38:50 3188 [Note] Shutting down plugin 'INNODB_LOCK_WAITS'
2019-08-15 14:38:50 3188 [Note] Shutting down plugin 'INNODB_LOCKS'
2019-08-15 14:38:50 3188 [Note] Shutting down plugin 'INNODB_TRX'
2019-08-15 14:38:50 3188 [Note] Shutting down plugin 'InnoDB'
2019-08-15 14:38:50 3188 [Note] InnoDB: FTS optimize thread exiting.
2019-08-15 14:38:50 3188 [Note] InnoDB: Starting shutdown...
2019-08-15 14:38:52 3188 [Note] InnoDB: Shutdown completed; log sequence number 1626646
2019-08-15 14:38:52 3188 [Note] Shutting down plugin 'BLACKHOLE'
2019-08-15 14:38:52 3188 [Note] Shutting down plugin 'ARCHIVE'
2019-08-15 14:38:52 3188 [Note] Shutting down plugin 'MRG_MYISAM'
2019-08-15 14:38:52 3188 [Note] Shutting down plugin 'MyISAM'
2019-08-15 14:38:52 3188 [Note] Shutting down plugin 'MEMORY'
2019-08-15 14:38:52 3188 [Note] Shutting down plugin 'CSV'
2019-08-15 14:38:52 3188 [Note] Shutting down plugin 'sha256_password'
2019-08-15 14:38:52 3188 [Note] Shutting down plugin 'mysql_old_password'
2019-08-15 14:38:52 3188 [Note] Shutting down plugin 'mysql_native_password'
2019-08-15 14:38:52 3188 [Note] Shutting down plugin 'binlog'
2019-08-15 14:38:52 3188 [Note] C:\Users\gabriel.vrnascimento\Downloads\usbwebserver_v8.6.2\usbwebserver/mysql/bin/mysqld_usbwv8.exe: Shutdown complete

2019-08-15 14:39:07 12300 [Note] Plugin 'FEDERATED' is disabled.
2019-08-15 14:39:07 12300 [Note] InnoDB: Using atomics to ref count buffer pool pages
2019-08-15 14:39:07 12300 [Note] InnoDB: The InnoDB memory heap is disabled
2019-08-15 14:39:07 12300 [Note] InnoDB: Mutexes and rw_locks use Windows interlocked functions
2019-08-15 14:39:07 12300 [Note] InnoDB: Memory barrier is not used
2019-08-15 14:39:07 12300 [Note] InnoDB: Compressed tables use zlib 1.2.3
2019-08-15 14:39:07 12300 [Note] InnoDB: Not using CPU crc32 instructions
2019-08-15 14:39:07 12300 [Note] InnoDB: Initializing buffer pool, size = 128.0M
2019-08-15 14:39:07 12300 [Note] InnoDB: Completed initialization of buffer pool
2019-08-15 14:39:07 12300 [Note] InnoDB: Highest supported file format is Barracuda.
2019-08-15 14:39:07 12300 [Note] InnoDB: 128 rollback segment(s) are active.
2019-08-15 14:39:07 12300 [Note] InnoDB: Waiting for purge to start
2019-08-15 14:39:07 12300 [Note] InnoDB: 5.6.34 started; log sequence number 1626646
2019-08-15 14:39:07 12300 [Note] Server hostname (bind-address): '*'; port: 3306
2019-08-15 14:39:07 12300 [Note] IPv6 is available.
2019-08-15 14:39:07 12300 [Note]   - '::' resolves to '::';
2019-08-15 14:39:07 12300 [Note] Server socket created on IP: '::'.
2019-08-15 14:39:07 12300 [ERROR] Can't start server: Bind on TCP/IP port: No such file or directory
2019-08-15 14:39:07 12300 [ERROR] Do you already have another mysqld server running on port: 3306 ?
2019-08-15 14:39:07 12300 [ERROR] Aborting

2019-08-15 14:39:07 12300 [Note] Binlog end
2019-08-15 14:39:07 12300 [Note] Shutting down plugin 'partition'
2019-08-15 14:39:07 12300 [Note] Shutting down plugin 'PERFORMANCE_SCHEMA'
2019-08-15 14:39:07 12300 [Note] Shutting down plugin 'INNODB_SYS_DATAFILES'
2019-08-15 14:39:07 12300 [Note] Shutting down plugin 'INNODB_SYS_TABLESPACES'
2019-08-15 14:39:07 12300 [Note] Shutting down plugin 'INNODB_SYS_FOREIGN_COLS'
2019-08-15 14:39:07 12300 [Note] Shutting down plugin 'INNODB_SYS_FOREIGN'
2019-08-15 14:39:07 12300 [Note] Shutting down plugin 'INNODB_SYS_FIELDS'
2019-08-15 14:39:07 12300 [Note] Shutting down plugin 'INNODB_SYS_COLUMNS'
2019-08-15 14:39:07 12300 [Note] Shutting down plugin 'INNODB_SYS_INDEXES'
2019-08-15 14:39:07 12300 [Note] Shutting down plugin 'INNODB_SYS_TABLESTATS'
2019-08-15 14:39:07 12300 [Note] Shutting down plugin 'INNODB_SYS_TABLES'
2019-08-15 14:39:07 12300 [Note] Shutting down plugin 'INNODB_FT_INDEX_TABLE'
2019-08-15 14:39:07 12300 [Note] Shutting down plugin 'INNODB_FT_INDEX_CACHE'
2019-08-15 14:39:07 12300 [Note] Shutting down plugin 'INNODB_FT_CONFIG'
2019-08-15 14:39:07 12300 [Note] Shutting down plugin 'INNODB_FT_BEING_DELETED'
2019-08-15 14:39:07 12300 [Note] Shutting down plugin 'INNODB_FT_DELETED'
2019-08-15 14:39:07 12300 [Note] Shutting down plugin 'INNODB_FT_DEFAULT_STOPWORD'
2019-08-15 14:39:07 12300 [Note] Shutting down plugin 'INNODB_METRICS'
2019-08-15 14:39:07 12300 [Note] Shutting down plugin 'INNODB_BUFFER_POOL_STATS'
2019-08-15 14:39:07 12300 [Note] Shutting down plugin 'INNODB_BUFFER_PAGE_LRU'
2019-08-15 14:39:07 12300 [Note] Shutting down plugin 'INNODB_BUFFER_PAGE'
2019-08-15 14:39:07 12300 [Note] Shutting down plugin 'INNODB_CMP_PER_INDEX_RESET'
2019-08-15 14:39:07 12300 [Note] Shutting down plugin 'INNODB_CMP_PER_INDEX'
2019-08-15 14:39:07 12300 [Note] Shutting down plugin 'INNODB_CMPMEM_RESET'
2019-08-15 14:39:07 12300 [Note] Shutting down plugin 'INNODB_CMPMEM'
2019-08-15 14:39:07 12300 [Note] Shutting down plugin 'INNODB_CMP_RESET'
2019-08-15 14:39:07 12300 [Note] Shutting down plugin 'INNODB_CMP'
2019-08-15 14:39:07 12300 [Note] Shutting down plugin 'INNODB_LOCK_WAITS'
2019-08-15 14:39:07 12300 [Note] Shutting down plugin 'INNODB_LOCKS'
2019-08-15 14:39:07 12300 [Note] Shutting down plugin 'INNODB_TRX'
2019-08-15 14:39:07 12300 [Note] Shutting down plugin 'InnoDB'
2019-08-15 14:39:07 12300 [Note] InnoDB: FTS optimize thread exiting.
2019-08-15 14:39:07 12300 [Note] InnoDB: Starting shutdown...
2019-08-15 14:39:08 12300 [Note] InnoDB: Shutdown completed; log sequence number 1626656
2019-08-15 14:39:08 12300 [Note] Shutting down plugin 'BLACKHOLE'
2019-08-15 14:39:08 12300 [Note] Shutting down plugin 'ARCHIVE'
2019-08-15 14:39:08 12300 [Note] Shutting down plugin 'MRG_MYISAM'
2019-08-15 14:39:08 12300 [Note] Shutting down plugin 'MyISAM'
2019-08-15 14:39:08 12300 [Note] Shutting down plugin 'MEMORY'
2019-08-15 14:39:08 12300 [Note] Shutting down plugin 'CSV'
2019-08-15 14:39:08 12300 [Note] Shutting down plugin 'sha256_password'
2019-08-15 14:39:08 12300 [Note] Shutting down plugin 'mysql_old_password'
2019-08-15 14:39:08 12300 [Note] Shutting down plugin 'mysql_native_password'
2019-08-15 14:39:08 12300 [Note] Shutting down plugin 'binlog'
2019-08-15 14:39:08 12300 [Note] C:\Users\gabriel.vrnascimento\Downloads\usbwebserver_v8.6.2\usbwebserver/mysql/bin/mysqld_usbwv8.exe: Shutdown complete

2019-10-16 13:55:48 52976 [Note] Plugin 'FEDERATED' is disabled.
2019-10-16 13:55:48 52976 [Note] InnoDB: Using atomics to ref count buffer pool pages
2019-10-16 13:55:48 52976 [Note] InnoDB: The InnoDB memory heap is disabled
2019-10-16 13:55:48 52976 [Note] InnoDB: Mutexes and rw_locks use Windows interlocked functions
2019-10-16 13:55:48 52976 [Note] InnoDB: Memory barrier is not used
2019-10-16 13:55:48 52976 [Note] InnoDB: Compressed tables use zlib 1.2.3
2019-10-16 13:55:48 52976 [Note] InnoDB: Not using CPU crc32 instructions
2019-10-16 13:55:48 52976 [Note] InnoDB: Initializing buffer pool, size = 128.0M
2019-10-16 13:55:48 52976 [Note] InnoDB: Completed initialization of buffer pool
2019-10-16 13:55:48 52976 [Note] InnoDB: Highest supported file format is Barracuda.
2019-10-16 13:55:48 52976 [Note] InnoDB: The log sequence numbers 1626656 and 1626656 in ibdata files do not match the log sequence number 2167768 in the ib_logfiles!
2019-10-16 13:55:48 52976 [Note] InnoDB: Database was not shutdown normally!
2019-10-16 13:55:48 52976 [Note] InnoDB: Starting crash recovery.
2019-10-16 13:55:48 52976 [Note] InnoDB: Reading tablespace information from the .ibd files...
2019-10-16 13:55:49 52976 [Note] InnoDB: Restoring possible half-written data pages 
2019-10-16 13:55:49 52976 [Note] InnoDB: from the doublewrite buffer...
2019-10-16 13:55:50 52976 [Note] InnoDB: 128 rollback segment(s) are active.
2019-10-16 13:55:50 52976 [Note] InnoDB: Waiting for purge to start
2019-10-16 13:55:50 52976 [Note] InnoDB: 5.6.34 started; log sequence number 2167768
2019-10-16 13:55:50 52976 [Note] Server hostname (bind-address): '*'; port: 3306
2019-10-16 13:55:50 52976 [Note] IPv6 is available.
2019-10-16 13:55:50 52976 [Note]   - '::' resolves to '::';
2019-10-16 13:55:50 52976 [Note] Server socket created on IP: '::'.
2019-11-04 14:08:29 79816 [Note] Plugin 'FEDERATED' is disabled.
2019-11-04 14:08:29 79816 [Note] InnoDB: Using atomics to ref count buffer pool pages
2019-11-04 14:08:29 79816 [Note] InnoDB: The InnoDB memory heap is disabled
2019-11-04 14:08:29 79816 [Note] InnoDB: Mutexes and rw_locks use Windows interlocked functions
2019-11-04 14:08:29 79816 [Note] InnoDB: Memory barrier is not used
2019-11-04 14:08:29 79816 [Note] InnoDB: Compressed tables use zlib 1.2.3
2019-11-04 14:08:29 79816 [Note] InnoDB: Not using CPU crc32 instructions
2019-11-04 14:08:29 79816 [Note] InnoDB: Initializing buffer pool, size = 128.0M
2019-11-04 14:08:29 79816 [Note] InnoDB: Completed initialization of buffer pool
2019-11-04 14:08:29 79816 [Note] InnoDB: Highest supported file format is Barracuda.
2019-11-04 14:08:29 79816 [Note] InnoDB: The log sequence numbers 1626656 and 1626656 in ibdata files do not match the log sequence number 3202785 in the ib_logfiles!
2019-11-04 14:08:29 79816 [Note] InnoDB: Database was not shutdown normally!
2019-11-04 14:08:29 79816 [Note] InnoDB: Starting crash recovery.
2019-11-04 14:08:29 79816 [Note] InnoDB: Reading tablespace information from the .ibd files...
2019-11-04 14:08:29 79816 [Note] InnoDB: Restoring possible half-written data pages 
2019-11-04 14:08:29 79816 [Note] InnoDB: from the doublewrite buffer...
2019-11-04 14:08:31 79816 [Note] InnoDB: 128 rollback segment(s) are active.
2019-11-04 14:08:31 79816 [Note] InnoDB: Waiting for purge to start
2019-11-04 14:08:31 79816 [Note] InnoDB: 5.6.34 started; log sequence number 3202785
2019-11-04 14:08:31 79816 [Note] Server hostname (bind-address): '*'; port: 3306
2019-11-04 14:08:31 79816 [Note] IPv6 is available.
2019-11-04 14:08:31 79816 [Note]   - '::' resolves to '::';
2019-11-04 14:08:31 79816 [Note] Server socket created on IP: '::'.
2019-11-05 14:16:10 56332 [Note] Plugin 'FEDERATED' is disabled.
2019-11-05 14:16:10 56332 [Note] InnoDB: Using atomics to ref count buffer pool pages
2019-11-05 14:16:10 56332 [Note] InnoDB: The InnoDB memory heap is disabled
2019-11-05 14:16:10 56332 [Note] InnoDB: Mutexes and rw_locks use Windows interlocked functions
2019-11-05 14:16:10 56332 [Note] InnoDB: Memory barrier is not used
2019-11-05 14:16:10 56332 [Note] InnoDB: Compressed tables use zlib 1.2.3
2019-11-05 14:16:10 56332 [Note] InnoDB: Not using CPU crc32 instructions
2019-11-05 14:16:10 56332 [Note] InnoDB: Initializing buffer pool, size = 128.0M
2019-11-05 14:16:10 56332 [Note] InnoDB: Completed initialization of buffer pool
2019-11-05 14:16:11 56332 [Note] InnoDB: Highest supported file format is Barracuda.
2019-11-05 14:16:11 56332 [Note] InnoDB: The log sequence numbers 1626656 and 1626656 in ibdata files do not match the log sequence number 3584126 in the ib_logfiles!
2019-11-05 14:16:11 56332 [Note] InnoDB: Database was not shutdown normally!
2019-11-05 14:16:11 56332 [Note] InnoDB: Starting crash recovery.
2019-11-05 14:16:11 56332 [Note] InnoDB: Reading tablespace information from the .ibd files...
2019-11-05 14:16:11 56332 [Note] InnoDB: Restoring possible half-written data pages 
2019-11-05 14:16:11 56332 [Note] InnoDB: from the doublewrite buffer...
2019-11-05 14:16:12 56332 [Note] InnoDB: 128 rollback segment(s) are active.
2019-11-05 14:16:12 56332 [Note] InnoDB: Waiting for purge to start
2019-11-05 14:16:12 56332 [Note] InnoDB: 5.6.34 started; log sequence number 3584126
2019-11-05 14:16:12 56332 [Note] Server hostname (bind-address): '*'; port: 3306
2019-11-05 14:16:12 56332 [Note] IPv6 is available.
2019-11-05 14:16:12 56332 [Note]   - '::' resolves to '::';
2019-11-05 14:16:12 56332 [Note] Server socket created on IP: '::'.
2019-11-06 14:05:09 29044 [Note] Plugin 'FEDERATED' is disabled.
2019-11-06 14:05:09 29044 [Note] InnoDB: Using atomics to ref count buffer pool pages
2019-11-06 14:05:09 29044 [Note] InnoDB: The InnoDB memory heap is disabled
2019-11-06 14:05:09 29044 [Note] InnoDB: Mutexes and rw_locks use Windows interlocked functions
2019-11-06 14:05:09 29044 [Note] InnoDB: Memory barrier is not used
2019-11-06 14:05:09 29044 [Note] InnoDB: Compressed tables use zlib 1.2.3
2019-11-06 14:05:09 29044 [Note] InnoDB: Not using CPU crc32 instructions
2019-11-06 14:05:09 29044 [Note] InnoDB: Initializing buffer pool, size = 128.0M
2019-11-06 14:05:09 29044 [Note] InnoDB: Completed initialization of buffer pool
2019-11-06 14:05:09 29044 [Note] InnoDB: Highest supported file format is Barracuda.
2019-11-06 14:05:09 29044 [Note] InnoDB: The log sequence numbers 1626656 and 1626656 in ibdata files do not match the log sequence number 3741906 in the ib_logfiles!
2019-11-06 14:05:09 29044 [Note] InnoDB: Database was not shutdown normally!
2019-11-06 14:05:09 29044 [Note] InnoDB: Starting crash recovery.
2019-11-06 14:05:09 29044 [Note] InnoDB: Reading tablespace information from the .ibd files...
2019-11-06 14:05:09 29044 [Note] InnoDB: Restoring possible half-written data pages 
2019-11-06 14:05:09 29044 [Note] InnoDB: from the doublewrite buffer...
2019-11-06 14:05:11 29044 [Note] InnoDB: 128 rollback segment(s) are active.
2019-11-06 14:05:11 29044 [Note] InnoDB: Waiting for purge to start
2019-11-06 14:05:11 29044 [Note] InnoDB: 5.6.34 started; log sequence number 3741906
2019-11-06 14:05:11 29044 [Note] Server hostname (bind-address): '*'; port: 3306
2019-11-06 14:05:11 29044 [Note] IPv6 is available.
2019-11-06 14:05:11 29044 [Note]   - '::' resolves to '::';
2019-11-06 14:05:11 29044 [Note] Server socket created on IP: '::'.
2019-11-19 14:24:55 81492 [Note] Plugin 'FEDERATED' is disabled.
2019-11-19 14:24:55 81492 [Note] InnoDB: Using atomics to ref count buffer pool pages
2019-11-19 14:24:55 81492 [Note] InnoDB: The InnoDB memory heap is disabled
2019-11-19 14:24:55 81492 [Note] InnoDB: Mutexes and rw_locks use Windows interlocked functions
2019-11-19 14:24:55 81492 [Note] InnoDB: Memory barrier is not used
2019-11-19 14:24:55 81492 [Note] InnoDB: Compressed tables use zlib 1.2.3
2019-11-19 14:24:55 81492 [Note] InnoDB: Not using CPU crc32 instructions
2019-11-19 14:24:55 81492 [Note] InnoDB: Initializing buffer pool, size = 128.0M
2019-11-19 14:24:55 81492 [Note] InnoDB: Completed initialization of buffer pool
2019-11-19 14:24:55 81492 [Note] InnoDB: Highest supported file format is Barracuda.
2019-11-19 14:24:55 81492 [Note] InnoDB: The log sequence numbers 1626656 and 1626656 in ibdata files do not match the log sequence number 4166112 in the ib_logfiles!
2019-11-19 14:24:55 81492 [Note] InnoDB: Database was not shutdown normally!
2019-11-19 14:24:55 81492 [Note] InnoDB: Starting crash recovery.
2019-11-19 14:24:55 81492 [Note] InnoDB: Reading tablespace information from the .ibd files...
2019-11-19 14:24:55 81492 [Note] InnoDB: Restoring possible half-written data pages 
2019-11-19 14:24:55 81492 [Note] InnoDB: from the doublewrite buffer...
2019-11-19 14:24:56 81492 [Note] InnoDB: 128 rollback segment(s) are active.
2019-11-19 14:24:56 81492 [Note] InnoDB: Waiting for purge to start
2019-11-19 14:24:56 81492 [Note] InnoDB: 5.6.34 started; log sequence number 4166112
2019-11-19 14:24:56 81492 [Note] Server hostname (bind-address): '*'; port: 3306
2019-11-19 14:24:56 81492 [Note] IPv6 is available.
2019-11-19 14:24:56 81492 [Note]   - '::' resolves to '::';
2019-11-19 14:24:56 81492 [Note] Server socket created on IP: '::'.
2019-11-21 14:59:53 46516 [Note] Plugin 'FEDERATED' is disabled.
2019-11-21 14:59:53 46516 [Note] InnoDB: Using atomics to ref count buffer pool pages
2019-11-21 14:59:53 46516 [Note] InnoDB: The InnoDB memory heap is disabled
2019-11-21 14:59:53 46516 [Note] InnoDB: Mutexes and rw_locks use Windows interlocked functions
2019-11-21 14:59:53 46516 [Note] InnoDB: Memory barrier is not used
2019-11-21 14:59:53 46516 [Note] InnoDB: Compressed tables use zlib 1.2.3
2019-11-21 14:59:53 46516 [Note] InnoDB: Not using CPU crc32 instructions
2019-11-21 14:59:53 46516 [Note] InnoDB: Initializing buffer pool, size = 128.0M
2019-11-21 14:59:53 46516 [Note] InnoDB: Completed initialization of buffer pool
2019-11-21 14:59:53 46516 [Note] InnoDB: Highest supported file format is Barracuda.
2019-11-21 14:59:53 46516 [Note] InnoDB: The log sequence numbers 1626656 and 1626656 in ibdata files do not match the log sequence number 4880041 in the ib_logfiles!
2019-11-21 14:59:53 46516 [Note] InnoDB: Database was not shutdown normally!
2019-11-21 14:59:53 46516 [Note] InnoDB: Starting crash recovery.
2019-11-21 14:59:53 46516 [Note] InnoDB: Reading tablespace information from the .ibd files...
2019-11-21 14:59:53 46516 [Note] InnoDB: Restoring possible half-written data pages 
2019-11-21 14:59:53 46516 [Note] InnoDB: from the doublewrite buffer...
2019-11-21 14:59:54 46516 [Note] InnoDB: 128 rollback segment(s) are active.
2019-11-21 14:59:54 46516 [Note] InnoDB: Waiting for purge to start
2019-11-21 14:59:54 46516 [Note] InnoDB: 5.6.34 started; log sequence number 4880041
2019-11-21 14:59:54 46516 [Note] Server hostname (bind-address): '*'; port: 3306
2019-11-21 14:59:54 46516 [Note] IPv6 is available.
2019-11-21 14:59:54 46516 [Note]   - '::' resolves to '::';
2019-11-21 14:59:54 46516 [Note] Server socket created on IP: '::'.
2019-11-22 14:05:30 63052 [Note] Plugin 'FEDERATED' is disabled.
2019-11-22 14:05:31 63052 [Note] InnoDB: Using atomics to ref count buffer pool pages
2019-11-22 14:05:31 63052 [Note] InnoDB: The InnoDB memory heap is disabled
2019-11-22 14:05:31 63052 [Note] InnoDB: Mutexes and rw_locks use Windows interlocked functions
2019-11-22 14:05:31 63052 [Note] InnoDB: Memory barrier is not used
2019-11-22 14:05:31 63052 [Note] InnoDB: Compressed tables use zlib 1.2.3
2019-11-22 14:05:31 63052 [Note] InnoDB: Not using CPU crc32 instructions
2019-11-22 14:05:31 63052 [Note] InnoDB: Initializing buffer pool, size = 128.0M
2019-11-22 14:05:31 63052 [Note] InnoDB: Completed initialization of buffer pool
2019-11-22 14:05:32 63052 [Note] InnoDB: Highest supported file format is Barracuda.
2019-11-22 14:05:32 63052 [Note] InnoDB: The log sequence numbers 1626656 and 1626656 in ibdata files do not match the log sequence number 4892688 in the ib_logfiles!
2019-11-22 14:05:32 63052 [Note] InnoDB: Database was not shutdown normally!
2019-11-22 14:05:32 63052 [Note] InnoDB: Starting crash recovery.
2019-11-22 14:05:32 63052 [Note] InnoDB: Reading tablespace information from the .ibd files...
2019-11-22 14:05:34 63052 [Note] InnoDB: Restoring possible half-written data pages 
2019-11-22 14:05:34 63052 [Note] InnoDB: from the doublewrite buffer...
2019-11-22 14:05:39 63052 [Note] InnoDB: 128 rollback segment(s) are active.
2019-11-22 14:05:39 63052 [Note] InnoDB: Waiting for purge to start
2019-11-22 14:05:39 63052 [Note] InnoDB: 5.6.34 started; log sequence number 4892688
2019-11-22 14:05:39 63052 [Note] Server hostname (bind-address): '*'; port: 3306
2019-11-22 14:05:39 63052 [Note] IPv6 is available.
2019-11-22 14:05:39 63052 [Note]   - '::' resolves to '::';
2019-11-22 14:05:39 63052 [Note] Server socket created on IP: '::'.
2019-11-22 16:58:31 66932 [Note] Plugin 'FEDERATED' is disabled.
2019-11-22 16:58:31 66932 [Note] InnoDB: Using atomics to ref count buffer pool pages
2019-11-22 16:58:31 66932 [Note] InnoDB: The InnoDB memory heap is disabled
2019-11-22 16:58:31 66932 [Note] InnoDB: Mutexes and rw_locks use Windows interlocked functions
2019-11-22 16:58:31 66932 [Note] InnoDB: Memory barrier is not used
2019-11-22 16:58:31 66932 [Note] InnoDB: Compressed tables use zlib 1.2.3
2019-11-22 16:58:31 66932 [Note] InnoDB: Not using CPU crc32 instructions
2019-11-22 16:58:31 66932 [Note] InnoDB: Initializing buffer pool, size = 128.0M
2019-11-22 16:58:31 66932 [Note] InnoDB: Completed initialization of buffer pool
2019-11-22 16:58:31 66932 [Note] InnoDB: Highest supported file format is Barracuda.
2019-11-22 16:58:31 66932 [Note] InnoDB: The log sequence numbers 1626656 and 1626656 in ibdata files do not match the log sequence number 4892698 in the ib_logfiles!
2019-11-22 16:58:31 66932 [Note] InnoDB: Database was not shutdown normally!
2019-11-22 16:58:31 66932 [Note] InnoDB: Starting crash recovery.
2019-11-22 16:58:31 66932 [Note] InnoDB: Reading tablespace information from the .ibd files...
2019-11-22 16:58:31 66932 [Note] InnoDB: Restoring possible half-written data pages 
2019-11-22 16:58:31 66932 [Note] InnoDB: from the doublewrite buffer...
2019-11-22 16:58:32 66932 [Note] InnoDB: 128 rollback segment(s) are active.
2019-11-22 16:58:32 66932 [Note] InnoDB: Waiting for purge to start
2019-11-22 16:58:33 66932 [Note] InnoDB: 5.6.34 started; log sequence number 4892698
2019-11-22 16:58:33 66932 [Note] Server hostname (bind-address): '*'; port: 3306
2019-11-22 16:58:33 66932 [Note] IPv6 is available.
2019-11-22 16:58:33 66932 [Note]   - '::' resolves to '::';
2019-11-22 16:58:33 66932 [Note] Server socket created on IP: '::'.
2019-11-25 13:44:05 50976 [Note] Plugin 'FEDERATED' is disabled.
2019-11-25 13:44:06 50976 [Note] InnoDB: Using atomics to ref count buffer pool pages
2019-11-25 13:44:06 50976 [Note] InnoDB: The InnoDB memory heap is disabled
2019-11-25 13:44:06 50976 [Note] InnoDB: Mutexes and rw_locks use Windows interlocked functions
2019-11-25 13:44:06 50976 [Note] InnoDB: Memory barrier is not used
2019-11-25 13:44:06 50976 [Note] InnoDB: Compressed tables use zlib 1.2.3
2019-11-25 13:44:06 50976 [Note] InnoDB: Not using CPU crc32 instructions
2019-11-25 13:44:06 50976 [Note] InnoDB: Initializing buffer pool, size = 128.0M
2019-11-25 13:44:06 50976 [Note] InnoDB: Completed initialization of buffer pool
2019-11-25 13:44:06 50976 [Note] InnoDB: Highest supported file format is Barracuda.
2019-11-25 13:44:06 50976 [Note] InnoDB: The log sequence numbers 1626656 and 1626656 in ibdata files do not match the log sequence number 4896063 in the ib_logfiles!
2019-11-25 13:44:06 50976 [Note] InnoDB: Database was not shutdown normally!
2019-11-25 13:44:06 50976 [Note] InnoDB: Starting crash recovery.
2019-11-25 13:44:06 50976 [Note] InnoDB: Reading tablespace information from the .ibd files...
2019-11-25 13:44:08 50976 [Note] InnoDB: Restoring possible half-written data pages 
2019-11-25 13:44:08 50976 [Note] InnoDB: from the doublewrite buffer...
2019-11-25 13:44:09 50976 [Note] InnoDB: 128 rollback segment(s) are active.
2019-11-25 13:44:09 50976 [Note] InnoDB: Waiting for purge to start
2019-11-25 13:44:09 50976 [Note] InnoDB: 5.6.34 started; log sequence number 4896063
2019-11-25 13:44:09 50976 [Note] Server hostname (bind-address): '*'; port: 3306
2019-11-25 13:44:09 50976 [Note] IPv6 is available.
2019-11-25 13:44:09 50976 [Note]   - '::' resolves to '::';
2019-11-25 13:44:09 50976 [Note] Server socket created on IP: '::'.
2019-11-26 14:15:35 53052 [Note] Plugin 'FEDERATED' is disabled.
2019-11-26 14:15:35 53052 [Note] InnoDB: Using atomics to ref count buffer pool pages
2019-11-26 14:15:35 53052 [Note] InnoDB: The InnoDB memory heap is disabled
2019-11-26 14:15:35 53052 [Note] InnoDB: Mutexes and rw_locks use Windows interlocked functions
2019-11-26 14:15:35 53052 [Note] InnoDB: Memory barrier is not used
2019-11-26 14:15:35 53052 [Note] InnoDB: Compressed tables use zlib 1.2.3
2019-11-26 14:15:35 53052 [Note] InnoDB: Not using CPU crc32 instructions
2019-11-26 14:15:35 53052 [Note] InnoDB: Initializing buffer pool, size = 128.0M
2019-11-26 14:15:35 53052 [Note] InnoDB: Completed initialization of buffer pool
2019-11-26 14:15:35 53052 [Note] InnoDB: Highest supported file format is Barracuda.
2019-11-26 14:15:35 53052 [Note] InnoDB: The log sequence numbers 1626656 and 1626656 in ibdata files do not match the log sequence number 4906851 in the ib_logfiles!
2019-11-26 14:15:35 53052 [Note] InnoDB: Database was not shutdown normally!
2019-11-26 14:15:35 53052 [Note] InnoDB: Starting crash recovery.
2019-11-26 14:15:35 53052 [Note] InnoDB: Reading tablespace information from the .ibd files...
2019-11-26 14:15:36 53052 [Note] InnoDB: Restoring possible half-written data pages 
2019-11-26 14:15:36 53052 [Note] InnoDB: from the doublewrite buffer...
2019-11-26 14:15:36 53052 [Note] InnoDB: 128 rollback segment(s) are active.
2019-11-26 14:15:36 53052 [Note] InnoDB: Waiting for purge to start
2019-11-26 14:15:37 53052 [Note] InnoDB: 5.6.34 started; log sequence number 4906851
2019-11-26 14:15:37 53052 [Note] Server hostname (bind-address): '*'; port: 3306
2019-11-26 14:15:37 53052 [Note] IPv6 is available.
2019-11-26 14:15:37 53052 [Note]   - '::' resolves to '::';
2019-11-26 14:15:37 53052 [Note] Server socket created on IP: '::'.
